Using pre-set license
Built from '2020.3/staging' branch; Version is '2020.3.20f1 (41c4e627c95f) revision 4310246'; Using compiler version '192528614'; Build Type 'Release'
OS: 'Windows 10 Pro; OS build 19042.1288; Version 2009; 64bit' Language: 'fr' Physical Memory: 32718 MB
BatchMode: 1, IsHumanControllingUs: 0, StartBugReporterOnCrash: 0, Is64bit: 1, IsPro: 0

COMMAND LINE ARGUMENTS:
C:\Program Files\Unity\Hub\Editor\2020.3.20f1\Editor\Unity.exe
-adb2
-batchMode
-noUpm
-name
AssetImportWorker0
-projectPath
C:/Users/tfssn/Documents/GitHub/InnerFire
-logFile
Logs/AssetImportWorker0.log
-srvPort
55029
Successfully changed project path to: C:/Users/tfssn/Documents/GitHub/InnerFire
C:/Users/tfssn/Documents/GitHub/InnerFire
Using Asset Import Pipeline V2.
Refreshing native plugins compatible for Editor in 72.43 ms, found 2 plugins.
Preloading 0 native plugins for Editor in 0.00 ms.
Initialize engine version: 2020.3.20f1 (41c4e627c95f)
[Subsystems] Discovering subsystems at path C:/Program Files/Unity/Hub/Editor/2020.3.20f1/Editor/Data/Resources/UnitySubsystems
[Subsystems] Discovering subsystems at path C:/Users/tfssn/Documents/GitHub/InnerFire/Assets
GfxDevice: creating device client; threaded=0
Direct3D:
    Version:  Direct3D 11.0 [level 11.1]
    Renderer: NVIDIA GeForce GTX 1650 (ID=0x1f0a)
    Vendor:   
    VRAM:     3961 MB
    Driver:   30.0.14.7168
Initialize mono
Mono path[0] = 'C:/Program Files/Unity/Hub/Editor/2020.3.20f1/Editor/Data/Managed'
Mono path[1] = 'C:/Program Files/Unity/Hub/Editor/2020.3.20f1/Editor/Data/MonoBleedingEdge/lib/mono/unityjit'
Mono config path = 'C:/Program Files/Unity/Hub/Editor/2020.3.20f1/Editor/Data/MonoBleedingEdge/etc'
Using monoOptions --debugger-agent=transport=dt_socket,embedding=1,server=y,suspend=n,address=127.0.0.1:56548
Begin MonoManager ReloadAssembly
Registering precompiled unity dll's ...
Register platform support module: C:/Program Files/Unity/Hub/Editor/2020.3.20f1/Editor/Data/PlaybackEngines/WindowsStandaloneSupport/UnityEditor.WindowsStandalone.Extensions.dll
Registered in 0.001898 seconds.
Native extension for WindowsStandalone target not found
Refreshing native plugins compatible for Editor in 74.06 ms, found 2 plugins.
Preloading 0 native plugins for Editor in 0.00 ms.
Mono: successfully reloaded assembly
- Completed reload, in  0.889 seconds
Domain Reload Profiling:
	ReloadAssembly (889ms)
		BeginReloadAssembly (43ms)
			ExecutionOrderSort (0ms)
			DisableScriptedObjects (0ms)
			BackupInstance (0ms)
			ReleaseScriptingObjects (0ms)
			CreateAndSetChildDomain (1ms)
		EndReloadAssembly (376ms)
			LoadAssemblies (41ms)
			RebuildTransferFunctionScriptingTraits (0ms)
			SetupTypeCache (122ms)
			ReleaseScriptCaches (0ms)
			RebuildScriptCaches (24ms)
			SetupLoadedEditorAssemblies (173ms)
				LogAssemblyErrors (0ms)
				InitializePlatformSupportModulesInManaged (4ms)
				SetLoadedEditorAssemblies (0ms)
				RefreshPlugins (74ms)
				BeforeProcessingInitializeOnLoad (10ms)
				ProcessInitializeOnLoadAttributes (63ms)
				ProcessInitializeOnLoadMethodAttributes (22ms)
				AfterProcessingInitializeOnLoad (0ms)
				EditorAssembliesLoaded (0ms)
			ExecutionOrderSort2 (0ms)
			AwakeInstancesAfterBackupRestoration (0ms)
Platform modules already initialized, skipping
Registering precompiled user dll's ...
Registered in 0.003061 seconds.
Begin MonoManager ReloadAssembly
Native extension for WindowsStandalone target not found
Refreshing native plugins compatible for Editor in 78.15 ms, found 2 plugins.
Preloading 0 native plugins for Editor in 0.00 ms.
Mono: successfully reloaded assembly
- Completed reload, in  1.294 seconds
Domain Reload Profiling:
	ReloadAssembly (1295ms)
		BeginReloadAssembly (122ms)
			ExecutionOrderSort (0ms)
			DisableScriptedObjects (4ms)
			BackupInstance (0ms)
			ReleaseScriptingObjects (0ms)
			CreateAndSetChildDomain (18ms)
		EndReloadAssembly (1117ms)
			LoadAssemblies (77ms)
			RebuildTransferFunctionScriptingTraits (0ms)
			SetupTypeCache (310ms)
			ReleaseScriptCaches (1ms)
			RebuildScriptCaches (71ms)
			SetupLoadedEditorAssemblies (556ms)
				LogAssemblyErrors (0ms)
				InitializePlatformSupportModulesInManaged (3ms)
				SetLoadedEditorAssemblies (0ms)
				RefreshPlugins (78ms)
				BeforeProcessingInitializeOnLoad (98ms)
				ProcessInitializeOnLoadAttributes (247ms)
				ProcessInitializeOnLoadMethodAttributes (124ms)
				AfterProcessingInitializeOnLoad (6ms)
				EditorAssembliesLoaded (0ms)
			ExecutionOrderSort2 (0ms)
			AwakeInstancesAfterBackupRestoration (5ms)
Platform modules already initialized, skipping
========================================================================
Worker process is ready to serve import requests
Launched and connected shader compiler UnityShaderCompiler.exe after 0.05 seconds
Refreshing native plugins compatible for Editor in 0.92 ms, found 2 plugins.
Preloading 0 native plugins for Editor in 0.00 ms.
Unloading 4116 Unused Serialized files (Serialized files now loaded: 0)
System memory in use before: 192.7 MB.
System memory in use after: 192.9 MB.

Unloading 20 unused Assets to reduce memory usage. Loaded Objects now: 4568.
Total: 4.233300 ms (FindLiveObjects: 0.457900 ms CreateObjectMapping: 0.106800 ms MarkObjects: 3.583700 ms  DeleteObjects: 0.083600 ms)

AssetImportParameters requested are different than current active one (requested -> active):
  custom:framework-win-MediaFoundation: 216162199b28c13a410421893ffa2e32 -> 
  custom:video-decoder-ogg-theora: a1e56fd34408186e4bbccfd4996cb3dc -> 
  custom:container-muxer-webm: aa71ff27fc2769a1b78a27578f13a17b -> 
  custom:container-demuxer-webm: 4f35f7cbe854078d1ac9338744f61a02 -> 
  custom:container-demuxer-ogg: 62fdf1f143b41e24485cea50d1cbac27 -> 
  custom:video-encoder-webm-vp8: eb34c28f22e8b96e1ab97ce403110664 -> 
  custom:video-decoder-webm-vp8: 9c59270c3fd7afecdb556c50c9e8de78 -> 
  custom:audio-decoder-ogg-vorbis: bf7c407c2cedff20999df2af8eb42d56 -> 
  custom:audio-encoder-webm-vorbis: bf7c407c2cedff20999df2af8eb42d56 -> 
========================================================================
Received Import Request.
  path: Assets/TestARanger
  artifactKey: Guid(81fe2c9cbf6e7f64a9dacb45e5fdc0be) Importer(815301076,1909f56bfc062723c751e8b465ee728b)
Start importing Assets/TestARanger using Guid(81fe2c9cbf6e7f64a9dacb45e5fdc0be) Importer(815301076,1909f56bfc062723c751e8b465ee728b)  -> (artifact id: 'd95a41e2516f58d81ac49d1bc50ddeaa') in 0.012169 seconds 
  Import took 0.018025 seconds .

========================================================================
Received Import Request.
  Time since last request: 2.464664 seconds.
  path: Assets/TestARanger/ASM - PBR Metallic Roughness.obj
  artifactKey: Guid(28baceb2da1efc646844bfefd95c60fe) Importer(815301076,1909f56bfc062723c751e8b465ee728b)
Start importing Assets/TestARanger/ASM - PBR Metallic Roughness.obj using Guid(28baceb2da1efc646844bfefd95c60fe) Importer(815301076,1909f56bfc062723c751e8b465ee728b)  -> (artifact id: 'd4c3615df833478beca5f8ad38ea19d8') in 1.702990 seconds 
  Import took 1.710865 seconds .

========================================================================
Received Import Request.
  Time since last request: 0.000189 seconds.
  path: Assets/TestARanger/RockExport_LowPoly_oPP_Metallic.1001.png
  artifactKey: Guid(8ea6502e6aa458c40924d7b5d364a5ea) Importer(815301076,1909f56bfc062723c751e8b465ee728b)
Start importing Assets/TestARanger/RockExport_LowPoly_oPP_Metallic.1001.png using Guid(8ea6502e6aa458c40924d7b5d364a5ea) Importer(815301076,1909f56bfc062723c751e8b465ee728b)  -> (artifact id: '5ae94f9e1789d6e36949fb0f05d6c529') in 0.029098 seconds 
  Import took 0.034856 seconds .

========================================================================
Received Import Request.
  Time since last request: 0.000170 seconds.
  path: Assets/TestARanger/RockExport_LowPoly_oPP_Roughness.1001.png
  artifactKey: Guid(ccd97a41fa38d924b87b91523c4fdf88) Importer(815301076,1909f56bfc062723c751e8b465ee728b)
Start importing Assets/TestARanger/RockExport_LowPoly_oPP_Roughness.1001.png using Guid(ccd97a41fa38d924b87b91523c4fdf88) Importer(815301076,1909f56bfc062723c751e8b465ee728b)  -> (artifact id: '44c408f4d8a093f870f482dff507f8d2') in 0.012989 seconds 
  Import took 0.018794 seconds .

========================================================================
Received Import Request.
  Time since last request: 0.000221 seconds.
  path: Assets/TestARanger/RockExport_LowPoly_oPP_Normal.1001.png
  artifactKey: Guid(235076d53f6d1eb46920201ef619135a) Importer(815301076,1909f56bfc062723c751e8b465ee728b)
Start importing Assets/TestARanger/RockExport_LowPoly_oPP_Normal.1001.png using Guid(235076d53f6d1eb46920201ef619135a) Importer(815301076,1909f56bfc062723c751e8b465ee728b)  -> (artifact id: '645ec62cafea5eef26d6187954ab5b2a') in 0.013563 seconds 
  Import took 0.019853 seconds .

========================================================================
Received Import Request.
  Time since last request: 0.000166 seconds.
  path: Assets/TestARanger/RockExport_LowPoly_oPP_Height.1001.png
  artifactKey: Guid(fa31caba4cd0c604c8f7c1320930c08b) Importer(815301076,1909f56bfc062723c751e8b465ee728b)
Start importing Assets/TestARanger/RockExport_LowPoly_oPP_Height.1001.png using Guid(fa31caba4cd0c604c8f7c1320930c08b) Importer(815301076,1909f56bfc062723c751e8b465ee728b)  -> (artifact id: '68aaabbaf0f31538cdddb3bae90b481b') in 0.018038 seconds 
  Import took 0.023924 seconds .

========================================================================
Received Import Request.
  Time since last request: 0.000153 seconds.
  path: Assets/TestARanger/RockExport_LowPoly_oPP_BaseColor.1001.png
  artifactKey: Guid(907ad68c8b89bc74398edc97d2f7e5db) Importer(815301076,1909f56bfc062723c751e8b465ee728b)
Start importing Assets/TestARanger/RockExport_LowPoly_oPP_BaseColor.1001.png using Guid(907ad68c8b89bc74398edc97d2f7e5db) Importer(815301076,1909f56bfc062723c751e8b465ee728b)  -> (artifact id: '6db098c355024b2446fd3156d546f3a9') in 0.018116 seconds 
  Import took 0.024399 seconds .

========================================================================
Received Import Request.
  Time since last request: 18.004299 seconds.
  path: Assets/TestARanger/Rock.mat
  artifactKey: Guid(f10566b75f5e3f9499089eedf2b2f3a2) Importer(815301076,1909f56bfc062723c751e8b465ee728b)
Start importing Assets/TestARanger/Rock.mat using Guid(f10566b75f5e3f9499089eedf2b2f3a2) Importer(815301076,1909f56bfc062723c751e8b465ee728b)  -> (artifact id: 'bcb8e1626fc3aed91ce43fa4fbda731e') in 0.057074 seconds 
  Import took 0.064549 seconds .

========================================================================
Received Import Request.
  Time since last request: 15.764265 seconds.
  path: Assets/TestARanger/RockMat.mat
  artifactKey: Guid(f10566b75f5e3f9499089eedf2b2f3a2) Importer(815301076,1909f56bfc062723c751e8b465ee728b)
Start importing Assets/TestARanger/RockMat.mat using Guid(f10566b75f5e3f9499089eedf2b2f3a2) Importer(815301076,1909f56bfc062723c751e8b465ee728b)  -> (artifact id: '66158920418c199d2fc48fba531add36') in 0.032350 seconds 
  Import took 0.039664 seconds .

========================================================================
Received Import Request.
  Time since last request: 51.197455 seconds.
  path: Assets/TestARanger/RockExport_LowPoly_oPP_Normal.1001.png
  artifactKey: Guid(235076d53f6d1eb46920201ef619135a) Importer(815301076,1909f56bfc062723c751e8b465ee728b)
Start importing Assets/TestARanger/RockExport_LowPoly_oPP_Normal.1001.png using Guid(235076d53f6d1eb46920201ef619135a) Importer(815301076,1909f56bfc062723c751e8b465ee728b)  -> (artifact id: '153569ddf6648fa48d7a6faea01516d8') in 0.052977 seconds 
  Import took 0.060468 seconds .

========================================================================
Received Import Request.
  Time since last request: 20.610427 seconds.
  path: Assets/TestARanger/ASM - PBR Metallic Roughness.mtl
  artifactKey: Guid(f2db9b533de29ae4aaaedc0c37c6b11b) Importer(815301076,1909f56bfc062723c751e8b465ee728b)
Start importing Assets/TestARanger/ASM - PBR Metallic Roughness.mtl using Guid(f2db9b533de29ae4aaaedc0c37c6b11b) Importer(815301076,1909f56bfc062723c751e8b465ee728b)  -> (artifact id: 'b081cbb75126a9045558d98d24eaae43') in 0.005447 seconds 
  Import took 0.011987 seconds .

========================================================================
Received Prepare
Registering precompiled user dll's ...
Registered in 0.003630 seconds.
Begin MonoManager ReloadAssembly
Native extension for WindowsStandalone target not found
Refreshing native plugins compatible for Editor in 0.90 ms, found 2 plugins.
Preloading 0 native plugins for Editor in 0.00 ms.
Mono: successfully reloaded assembly
- Completed reload, in  1.176 seconds
Domain Reload Profiling:
	ReloadAssembly (1176ms)
		BeginReloadAssembly (161ms)
			ExecutionOrderSort (0ms)
			DisableScriptedObjects (22ms)
			BackupInstance (0ms)
			ReleaseScriptingObjects (0ms)
			CreateAndSetChildDomain (45ms)
		EndReloadAssembly (960ms)
			LoadAssemblies (76ms)
			RebuildTransferFunctionScriptingTraits (0ms)
			SetupTypeCache (298ms)
			ReleaseScriptCaches (2ms)
			RebuildScriptCaches (57ms)
			SetupLoadedEditorAssemblies (320ms)
				LogAssemblyErrors (0ms)
				InitializePlatformSupportModulesInManaged (4ms)
				SetLoadedEditorAssemblies (0ms)
				RefreshPlugins (1ms)
				BeforeProcessingInitializeOnLoad (86ms)
				ProcessInitializeOnLoadAttributes (217ms)
				ProcessInitializeOnLoadMethodAttributes (6ms)
				AfterProcessingInitializeOnLoad (6ms)
				EditorAssembliesLoaded (0ms)
			ExecutionOrderSort2 (0ms)
			AwakeInstancesAfterBackupRestoration (15ms)
Platform modules already initialized, skipping
Refreshing native plugins compatible for Editor in 1.22 ms, found 2 plugins.
Preloading 0 native plugins for Editor in 0.00 ms.
Unloading 3853 Unused Serialized files (Serialized files now loaded: 0)
System memory in use before: 195.2 MB.
System memory in use after: 195.4 MB.

Unloading 13 unused Assets to reduce memory usage. Loaded Objects now: 4732.
Total: 5.050100 ms (FindLiveObjects: 0.677100 ms CreateObjectMapping: 0.110400 ms MarkObjects: 4.239300 ms  DeleteObjects: 0.021700 ms)

AssetImportParameters requested are different than current active one (requested -> active):
  custom:framework-win-MediaFoundation: 216162199b28c13a410421893ffa2e32 -> 
  custom:video-decoder-ogg-theora: a1e56fd34408186e4bbccfd4996cb3dc -> 
  custom:container-muxer-webm: aa71ff27fc2769a1b78a27578f13a17b -> 
  custom:container-demuxer-webm: 4f35f7cbe854078d1ac9338744f61a02 -> 
  custom:container-demuxer-ogg: 62fdf1f143b41e24485cea50d1cbac27 -> 
  custom:video-encoder-webm-vp8: eb34c28f22e8b96e1ab97ce403110664 -> 
  custom:video-decoder-webm-vp8: 9c59270c3fd7afecdb556c50c9e8de78 -> 
  custom:audio-decoder-ogg-vorbis: bf7c407c2cedff20999df2af8eb42d56 -> 
  custom:audio-encoder-webm-vorbis: bf7c407c2cedff20999df2af8eb42d56 -> 
========================================================================
Received Import Request.
  Time since last request: 166.759937 seconds.
  path: Assets/TestARanger/RockMat.mat
  artifactKey: Guid(f10566b75f5e3f9499089eedf2b2f3a2) Importer(815301076,1909f56bfc062723c751e8b465ee728b)
Start importing Assets/TestARanger/RockMat.mat using Guid(f10566b75f5e3f9499089eedf2b2f3a2) Importer(815301076,1909f56bfc062723c751e8b465ee728b)  -> (artifact id: '9f5ac6c3be417624423abbc41c246320') in 0.559004 seconds 
  Import took 0.566213 seconds .

