Using pre-set license
Built from '2020.3/staging' branch; Version is '2020.3.20f1 (41c4e627c95f) revision 4310246'; Using compiler version '192528614'; Build Type 'Release'
OS: 'Windows 10 Pro; OS build 19043.1237; Version 2009; 64bit' Language: 'fr' Physical Memory: 16160 MB
BatchMode: 1, IsHumanControllingUs: 0, StartBugReporterOnCrash: 0, Is64bit: 1, IsPro: 0

COMMAND LINE ARGUMENTS:
D:\Logiciels\Unity Editor\2020.3.20f1\Editor\Unity.exe
-adb2
-batchMode
-noUpm
-name
AssetImportWorker0
-projectPath
D:/Projet/InnerFire
-logFile
Logs/AssetImportWorker0.log
-srvPort
52349
Successfully changed project path to: D:/Projet/InnerFire
D:/Projet/InnerFire
Using Asset Import Pipeline V2.
Refreshing native plugins compatible for Editor in 109.17 ms, found 2 plugins.
Preloading 0 native plugins for Editor in 0.00 ms.
Initialize engine version: 2020.3.20f1 (41c4e627c95f)
[Subsystems] Discovering subsystems at path D:/Logiciels/Unity Editor/2020.3.20f1/Editor/Data/Resources/UnitySubsystems
[Subsystems] Discovering subsystems at path D:/Projet/InnerFire/Assets
GfxDevice: creating device client; threaded=0
Direct3D:
    Version:  Direct3D 11.0 [level 11.1]
    Renderer: NVIDIA GeForce RTX 3070 (ID=0x2484)
    Vendor:   
    VRAM:     8043 MB
    Driver:   27.21.14.6230
Initialize mono
Mono path[0] = 'D:/Logiciels/Unity Editor/2020.3.20f1/Editor/Data/Managed'
Mono path[1] = 'D:/Logiciels/Unity Editor/2020.3.20f1/Editor/Data/MonoBleedingEdge/lib/mono/unityjit'
Mono config path = 'D:/Logiciels/Unity Editor/2020.3.20f1/Editor/Data/MonoBleedingEdge/etc'
Using monoOptions --debugger-agent=transport=dt_socket,embedding=1,server=y,suspend=n,address=127.0.0.1:56016
Begin MonoManager ReloadAssembly
Registering precompiled unity dll's ...
Register platform support module: D:/Logiciels/Unity Editor/2020.3.20f1/Editor/Data/PlaybackEngines/WindowsStandaloneSupport/UnityEditor.WindowsStandalone.Extensions.dll
Registered in 0.000787 seconds.
Native extension for WindowsStandalone target not found
Refreshing native plugins compatible for Editor in 68.55 ms, found 2 plugins.
Preloading 0 native plugins for Editor in 0.00 ms.
Mono: successfully reloaded assembly
- Completed reload, in  0.669 seconds
Domain Reload Profiling:
	ReloadAssembly (670ms)
		BeginReloadAssembly (33ms)
			ExecutionOrderSort (0ms)
			DisableScriptedObjects (0ms)
			BackupInstance (0ms)
			ReleaseScriptingObjects (0ms)
			CreateAndSetChildDomain (1ms)
		EndReloadAssembly (355ms)
			LoadAssemblies (33ms)
			RebuildTransferFunctionScriptingTraits (0ms)
			SetupTypeCache (117ms)
			ReleaseScriptCaches (0ms)
			RebuildScriptCaches (22ms)
			SetupLoadedEditorAssemblies (163ms)
				LogAssemblyErrors (0ms)
				InitializePlatformSupportModulesInManaged (3ms)
				SetLoadedEditorAssemblies (0ms)
				RefreshPlugins (69ms)
				BeforeProcessingInitializeOnLoad (9ms)
				ProcessInitializeOnLoadAttributes (61ms)
				ProcessInitializeOnLoadMethodAttributes (21ms)
				AfterProcessingInitializeOnLoad (0ms)
				EditorAssembliesLoaded (0ms)
			ExecutionOrderSort2 (0ms)
			AwakeInstancesAfterBackupRestoration (0ms)
Platform modules already initialized, skipping
Registering precompiled user dll's ...
Registered in 0.001598 seconds.
Begin MonoManager ReloadAssembly
Native extension for WindowsStandalone target not found
Refreshing native plugins compatible for Editor in 80.62 ms, found 2 plugins.
Preloading 0 native plugins for Editor in 0.00 ms.
Mono: successfully reloaded assembly
- Completed reload, in  1.196 seconds
Domain Reload Profiling:
	ReloadAssembly (1197ms)
		BeginReloadAssembly (103ms)
			ExecutionOrderSort (0ms)
			DisableScriptedObjects (4ms)
			BackupInstance (0ms)
			ReleaseScriptingObjects (0ms)
			CreateAndSetChildDomain (17ms)
		EndReloadAssembly (1050ms)
			LoadAssemblies (65ms)
			RebuildTransferFunctionScriptingTraits (0ms)
			SetupTypeCache (287ms)
			ReleaseScriptCaches (1ms)
			RebuildScriptCaches (66ms)
			SetupLoadedEditorAssemblies (521ms)
				LogAssemblyErrors (0ms)
				InitializePlatformSupportModulesInManaged (4ms)
				SetLoadedEditorAssemblies (0ms)
				RefreshPlugins (81ms)
				BeforeProcessingInitializeOnLoad (75ms)
				ProcessInitializeOnLoadAttributes (253ms)
				ProcessInitializeOnLoadMethodAttributes (105ms)
				AfterProcessingInitializeOnLoad (2ms)
				EditorAssembliesLoaded (0ms)
			ExecutionOrderSort2 (0ms)
			AwakeInstancesAfterBackupRestoration (5ms)
Platform modules already initialized, skipping
========================================================================
Worker process is ready to serve import requests
Launched and connected shader compiler UnityShaderCompiler.exe after 0.10 seconds
Refreshing native plugins compatible for Editor in 0.65 ms, found 2 plugins.
Preloading 0 native plugins for Editor in 0.00 ms.
Unloading 4084 Unused Serialized files (Serialized files now loaded: 0)
System memory in use before: 194.9 MB.
System memory in use after: 195.1 MB.

Unloading 20 unused Assets to reduce memory usage. Loaded Objects now: 4538.
Total: 4.495700 ms (FindLiveObjects: 0.387000 ms CreateObjectMapping: 0.136300 ms MarkObjects: 3.863500 ms  DeleteObjects: 0.105600 ms)

AssetImportParameters requested are different than current active one (requested -> active):
  custom:framework-win-MediaFoundation: 216162199b28c13a410421893ffa2e32 -> 
  custom:video-decoder-ogg-theora: a1e56fd34408186e4bbccfd4996cb3dc -> 
  custom:container-muxer-webm: aa71ff27fc2769a1b78a27578f13a17b -> 
  custom:container-demuxer-webm: 4f35f7cbe854078d1ac9338744f61a02 -> 
  custom:container-demuxer-ogg: 62fdf1f143b41e24485cea50d1cbac27 -> 
  custom:video-encoder-webm-vp8: eb34c28f22e8b96e1ab97ce403110664 -> 
  custom:video-decoder-webm-vp8: 9c59270c3fd7afecdb556c50c9e8de78 -> 
  custom:audio-decoder-ogg-vorbis: bf7c407c2cedff20999df2af8eb42d56 -> 
  custom:audio-encoder-webm-vorbis: bf7c407c2cedff20999df2af8eb42d56 -> 
========================================================================
Received Import Request.
  path: Assets/Scenes/Borealis.shadergraph
  artifactKey: Guid(27d58a1de6fd1664894b31c3a01b8c63) Importer(815301076,1909f56bfc062723c751e8b465ee728b)
Start importing Assets/Scenes/Borealis.shadergraph using Guid(27d58a1de6fd1664894b31c3a01b8c63) Importer(815301076,1909f56bfc062723c751e8b465ee728b)  -> (artifact id: '3542a2a2a8e3f437d7bceeef49e135e5') in 0.093260 seconds 
  Import took 0.099484 seconds .

========================================================================
Received Import Request.
  Time since last request: 63.145542 seconds.
  path: Assets/Scenes/Borealis.mat
  artifactKey: Guid(cf285c1633a783b44ba3a28d60291dfc) Importer(815301076,1909f56bfc062723c751e8b465ee728b)
Start importing Assets/Scenes/Borealis.mat using Guid(cf285c1633a783b44ba3a28d60291dfc) Importer(815301076,1909f56bfc062723c751e8b465ee728b)  -> (artifact id: '4284cdc4a8d843c45ac1090560f99d91') in 0.413785 seconds 
  Import took 0.420579 seconds .

========================================================================
Received Import Request.
  Time since last request: 109.692185 seconds.
  path: Assets/Scenes/Borealis.shadergraph
  artifactKey: Guid(27d58a1de6fd1664894b31c3a01b8c63) Importer(815301076,1909f56bfc062723c751e8b465ee728b)
Start importing Assets/Scenes/Borealis.shadergraph using Guid(27d58a1de6fd1664894b31c3a01b8c63) Importer(815301076,1909f56bfc062723c751e8b465ee728b)  -> (artifact id: '8a9109d5f417f626a1ba01e3be13d18e') in 0.002557 seconds 
  Import took 0.008320 seconds .

========================================================================
Received Import Request.
  Time since last request: 573.042864 seconds.
  path: Assets/Scenes/Borealis.shadergraph
  artifactKey: Guid(27d58a1de6fd1664894b31c3a01b8c63) Importer(815301076,1909f56bfc062723c751e8b465ee728b)
Start importing Assets/Scenes/Borealis.shadergraph using Guid(27d58a1de6fd1664894b31c3a01b8c63) Importer(815301076,1909f56bfc062723c751e8b465ee728b)  -> (artifact id: 'ec4b7574ce6cba13c21e071d1c36b803') in 0.003022 seconds 
  Import took 0.009675 seconds .

========================================================================
Received Import Request.
  Time since last request: 12.841426 seconds.
  path: Assets/Scenes/Borealis.shadergraph
  artifactKey: Guid(27d58a1de6fd1664894b31c3a01b8c63) Importer(815301076,1909f56bfc062723c751e8b465ee728b)
Start importing Assets/Scenes/Borealis.shadergraph using Guid(27d58a1de6fd1664894b31c3a01b8c63) Importer(815301076,1909f56bfc062723c751e8b465ee728b)  -> (artifact id: '272816720b4014739d4406b3d3149f3a') in 0.002391 seconds 
  Import took 0.007142 seconds .

========================================================================
Received Import Request.
  Time since last request: 694.391932 seconds.
  path: Assets/Scenes/Borealis.shadergraph
  artifactKey: Guid(27d58a1de6fd1664894b31c3a01b8c63) Importer(815301076,1909f56bfc062723c751e8b465ee728b)
Start importing Assets/Scenes/Borealis.shadergraph using Guid(27d58a1de6fd1664894b31c3a01b8c63) Importer(815301076,1909f56bfc062723c751e8b465ee728b)  -> (artifact id: '74eff61b644777b94171237e14530b9a') in 0.002869 seconds 
  Import took 0.009268 seconds .

========================================================================
Received Import Request.
  Time since last request: 79.850490 seconds.
  path: Assets/Scenes/Borealis.shadergraph
  artifactKey: Guid(27d58a1de6fd1664894b31c3a01b8c63) Importer(815301076,1909f56bfc062723c751e8b465ee728b)
Start importing Assets/Scenes/Borealis.shadergraph using Guid(27d58a1de6fd1664894b31c3a01b8c63) Importer(815301076,1909f56bfc062723c751e8b465ee728b)  -> (artifact id: 'd198259a284834056bfc1d44ad7244e4') in 0.002557 seconds 
  Import took 0.021797 seconds .

========================================================================
Received Import Request.
  Time since last request: 705.246673 seconds.
  path: Assets/Personnages/TummoPR.fbx
  artifactKey: Guid(58328966c0cc99245b26d202d15b8672) Importer(815301076,1909f56bfc062723c751e8b465ee728b)
Start importing Assets/Personnages/TummoPR.fbx using Guid(58328966c0cc99245b26d202d15b8672) Importer(815301076,1909f56bfc062723c751e8b465ee728b)  -> (artifact id: 'f7cc5bcd07e540b36bf6e6413b7ffa55') in 0.274454 seconds 
  Import took 0.281597 seconds .

========================================================================
Received Import Request.
  Time since last request: 0.000197 seconds.
  path: Assets/Summer Project/Props/The Ring/Ring.fbx
  artifactKey: Guid(05a6bcbb1f5b22647a86a309128586a3) Importer(815301076,1909f56bfc062723c751e8b465ee728b)
Start importing Assets/Summer Project/Props/The Ring/Ring.fbx using Guid(05a6bcbb1f5b22647a86a309128586a3) Importer(815301076,1909f56bfc062723c751e8b465ee728b)  -> (artifact id: '79bf34a4aebcfc0f36d6493208fa4bcb') in 0.048498 seconds 
  Import took 0.054086 seconds .

========================================================================
Received Import Request.
  Time since last request: 2.888244 seconds.
  path: Assets/Summer Project/Props/Monolyth&Ivy/Monolyth&Ivy.FBX
  artifactKey: Guid(41360d30303398142aac7509469fe652) Importer(815301076,1909f56bfc062723c751e8b465ee728b)
Start importing Assets/Summer Project/Props/Monolyth&Ivy/Monolyth&Ivy.FBX using Guid(41360d30303398142aac7509469fe652) Importer(815301076,1909f56bfc062723c751e8b465ee728b)  -> (artifact id: '361ff264417d9a81bc2ed8267cbfd86b') in 7.310632 seconds 
  Import took 7.316993 seconds .

========================================================================
Received Import Request.
  Time since last request: 66.452333 seconds.
  path: Assets/Texture/CloudBox.fbx
  artifactKey: Guid(809cbd456a169ad4c9736aa040c2d93e) Importer(815301076,1909f56bfc062723c751e8b465ee728b)
Start importing Assets/Texture/CloudBox.fbx using Guid(809cbd456a169ad4c9736aa040c2d93e) Importer(815301076,1909f56bfc062723c751e8b465ee728b)  -> (artifact id: 'a8ebf461bd1b1517122df39e32f70423') in 0.038365 seconds 
  Import took 0.045378 seconds .

========================================================================
Received Prepare
Registering precompiled user dll's ...
Registered in 0.002084 seconds.
Begin MonoManager ReloadAssembly
Native extension for WindowsStandalone target not found
Refreshing native plugins compatible for Editor in 0.83 ms, found 2 plugins.
Preloading 0 native plugins for Editor in 0.00 ms.
Mono: successfully reloaded assembly
- Completed reload, in  1.045 seconds
Domain Reload Profiling:
	ReloadAssembly (1045ms)
		BeginReloadAssembly (161ms)
			ExecutionOrderSort (0ms)
			DisableScriptedObjects (30ms)
			BackupInstance (0ms)
			ReleaseScriptingObjects (0ms)
			CreateAndSetChildDomain (52ms)
		EndReloadAssembly (840ms)
			LoadAssemblies (62ms)
			RebuildTransferFunctionScriptingTraits (0ms)
			SetupTypeCache (261ms)
			ReleaseScriptCaches (1ms)
			RebuildScriptCaches (49ms)
			SetupLoadedEditorAssemblies (293ms)
				LogAssemblyErrors (0ms)
				InitializePlatformSupportModulesInManaged (4ms)
				SetLoadedEditorAssemblies (0ms)
				RefreshPlugins (1ms)
				BeforeProcessingInitializeOnLoad (75ms)
				ProcessInitializeOnLoadAttributes (206ms)
				ProcessInitializeOnLoadMethodAttributes (6ms)
				AfterProcessingInitializeOnLoad (2ms)
				EditorAssembliesLoaded (0ms)
			ExecutionOrderSort2 (0ms)
			AwakeInstancesAfterBackupRestoration (12ms)
Platform modules already initialized, skipping
Refreshing native plugins compatible for Editor in 0.58 ms, found 2 plugins.
Preloading 0 native plugins for Editor in 0.00 ms.
Unloading 3818 Unused Serialized files (Serialized files now loaded: 0)
System memory in use before: 211.7 MB.
System memory in use after: 211.9 MB.

Unloading 13 unused Assets to reduce memory usage. Loaded Objects now: 4700.
Total: 3.130700 ms (FindLiveObjects: 0.318000 ms CreateObjectMapping: 0.130300 ms MarkObjects: 2.663400 ms  DeleteObjects: 0.017700 ms)

AssetImportParameters requested are different than current active one (requested -> active):
  custom:framework-win-MediaFoundation: 216162199b28c13a410421893ffa2e32 -> 
  custom:video-decoder-ogg-theora: a1e56fd34408186e4bbccfd4996cb3dc -> 
  custom:container-muxer-webm: aa71ff27fc2769a1b78a27578f13a17b -> 
  custom:container-demuxer-webm: 4f35f7cbe854078d1ac9338744f61a02 -> 
  custom:container-demuxer-ogg: 62fdf1f143b41e24485cea50d1cbac27 -> 
  custom:video-encoder-webm-vp8: eb34c28f22e8b96e1ab97ce403110664 -> 
  custom:video-decoder-webm-vp8: 9c59270c3fd7afecdb556c50c9e8de78 -> 
  custom:audio-decoder-ogg-vorbis: bf7c407c2cedff20999df2af8eb42d56 -> 
  custom:audio-encoder-webm-vorbis: bf7c407c2cedff20999df2af8eb42d56 -> 
========================================================================
Received Prepare
Registering precompiled user dll's ...
Registered in 0.001664 seconds.
Begin MonoManager ReloadAssembly
Native extension for WindowsStandalone target not found
Refreshing native plugins compatible for Editor in 0.98 ms, found 2 plugins.
Preloading 0 native plugins for Editor in 0.00 ms.
Mono: successfully reloaded assembly
- Completed reload, in  1.034 seconds
Domain Reload Profiling:
	ReloadAssembly (1034ms)
		BeginReloadAssembly (94ms)
			ExecutionOrderSort (0ms)
			DisableScriptedObjects (4ms)
			BackupInstance (0ms)
			ReleaseScriptingObjects (0ms)
			CreateAndSetChildDomain (37ms)
		EndReloadAssembly (894ms)
			LoadAssemblies (64ms)
			RebuildTransferFunctionScriptingTraits (0ms)
			SetupTypeCache (278ms)
			ReleaseScriptCaches (2ms)
			RebuildScriptCaches (54ms)
			SetupLoadedEditorAssemblies (319ms)
				LogAssemblyErrors (0ms)
				InitializePlatformSupportModulesInManaged (3ms)
				SetLoadedEditorAssemblies (1ms)
				RefreshPlugins (1ms)
				BeforeProcessingInitializeOnLoad (87ms)
				ProcessInitializeOnLoadAttributes (219ms)
				ProcessInitializeOnLoadMethodAttributes (7ms)
				AfterProcessingInitializeOnLoad (1ms)
				EditorAssembliesLoaded (0ms)
			ExecutionOrderSort2 (0ms)
			AwakeInstancesAfterBackupRestoration (15ms)
Platform modules already initialized, skipping
Refreshing native plugins compatible for Editor in 0.80 ms, found 2 plugins.
Preloading 0 native plugins for Editor in 0.00 ms.
Unloading 3806 Unused Serialized files (Serialized files now loaded: 0)
System memory in use before: 210.8 MB.
System memory in use after: 211.1 MB.

Unloading 13 unused Assets to reduce memory usage. Loaded Objects now: 4702.
Total: 3.432600 ms (FindLiveObjects: 0.318900 ms CreateObjectMapping: 0.125400 ms MarkObjects: 2.965400 ms  DeleteObjects: 0.021300 ms)

AssetImportParameters requested are different than current active one (requested -> active):
  custom:framework-win-MediaFoundation: 216162199b28c13a410421893ffa2e32 -> 
  custom:video-decoder-ogg-theora: a1e56fd34408186e4bbccfd4996cb3dc -> 
  custom:container-muxer-webm: aa71ff27fc2769a1b78a27578f13a17b -> 
  custom:container-demuxer-webm: 4f35f7cbe854078d1ac9338744f61a02 -> 
  custom:container-demuxer-ogg: 62fdf1f143b41e24485cea50d1cbac27 -> 
  custom:video-encoder-webm-vp8: eb34c28f22e8b96e1ab97ce403110664 -> 
  custom:video-decoder-webm-vp8: 9c59270c3fd7afecdb556c50c9e8de78 -> 
  custom:audio-decoder-ogg-vorbis: bf7c407c2cedff20999df2af8eb42d56 -> 
  custom:audio-encoder-webm-vorbis: bf7c407c2cedff20999df2af8eb42d56 -> 
========================================================================
Received Prepare
Registering precompiled user dll's ...
Registered in 0.001963 seconds.
Begin MonoManager ReloadAssembly
Native extension for WindowsStandalone target not found
Refreshing native plugins compatible for Editor in 0.72 ms, found 2 plugins.
Preloading 0 native plugins for Editor in 0.00 ms.
Mono: successfully reloaded assembly
- Completed reload, in  1.014 seconds
Domain Reload Profiling:
	ReloadAssembly (1014ms)
		BeginReloadAssembly (85ms)
			ExecutionOrderSort (0ms)
			DisableScriptedObjects (3ms)
			BackupInstance (0ms)
			ReleaseScriptingObjects (0ms)
			CreateAndSetChildDomain (32ms)
		EndReloadAssembly (887ms)
			LoadAssemblies (63ms)
			RebuildTransferFunctionScriptingTraits (0ms)
			SetupTypeCache (283ms)
			ReleaseScriptCaches (2ms)
			RebuildScriptCaches (52ms)
			SetupLoadedEditorAssemblies (313ms)
				LogAssemblyErrors (0ms)
				InitializePlatformSupportModulesInManaged (3ms)
				SetLoadedEditorAssemblies (0ms)
				RefreshPlugins (1ms)
				BeforeProcessingInitializeOnLoad (83ms)
				ProcessInitializeOnLoadAttributes (217ms)
				ProcessInitializeOnLoadMethodAttributes (6ms)
				AfterProcessingInitializeOnLoad (1ms)
				EditorAssembliesLoaded (0ms)
			ExecutionOrderSort2 (0ms)
			AwakeInstancesAfterBackupRestoration (14ms)
Platform modules already initialized, skipping
Refreshing native plugins compatible for Editor in 0.66 ms, found 2 plugins.
Preloading 0 native plugins for Editor in 0.00 ms.
Unloading 3806 Unused Serialized files (Serialized files now loaded: 0)
System memory in use before: 210.8 MB.
System memory in use after: 211.1 MB.

Unloading 13 unused Assets to reduce memory usage. Loaded Objects now: 4704.
Total: 3.025300 ms (FindLiveObjects: 0.276700 ms CreateObjectMapping: 0.128800 ms MarkObjects: 2.599300 ms  DeleteObjects: 0.019100 ms)

AssetImportParameters requested are different than current active one (requested -> active):
  custom:framework-win-MediaFoundation: 216162199b28c13a410421893ffa2e32 -> 
  custom:video-decoder-ogg-theora: a1e56fd34408186e4bbccfd4996cb3dc -> 
  custom:container-muxer-webm: aa71ff27fc2769a1b78a27578f13a17b -> 
  custom:container-demuxer-webm: 4f35f7cbe854078d1ac9338744f61a02 -> 
  custom:container-demuxer-ogg: 62fdf1f143b41e24485cea50d1cbac27 -> 
  custom:video-encoder-webm-vp8: eb34c28f22e8b96e1ab97ce403110664 -> 
  custom:video-decoder-webm-vp8: 9c59270c3fd7afecdb556c50c9e8de78 -> 
  custom:audio-decoder-ogg-vorbis: bf7c407c2cedff20999df2af8eb42d56 -> 
  custom:audio-encoder-webm-vorbis: bf7c407c2cedff20999df2af8eb42d56 -> 
========================================================================
Received Prepare
Registering precompiled user dll's ...
Registered in 0.001733 seconds.
Begin MonoManager ReloadAssembly
Native extension for WindowsStandalone target not found
Refreshing native plugins compatible for Editor in 0.52 ms, found 2 plugins.
Preloading 0 native plugins for Editor in 0.00 ms.
Mono: successfully reloaded assembly
- Completed reload, in  0.814 seconds
Domain Reload Profiling:
	ReloadAssembly (814ms)
		BeginReloadAssembly (79ms)
			ExecutionOrderSort (0ms)
			DisableScriptedObjects (4ms)
			BackupInstance (0ms)
			ReleaseScriptingObjects (0ms)
			CreateAndSetChildDomain (29ms)
		EndReloadAssembly (699ms)
			LoadAssemblies (53ms)
			RebuildTransferFunctionScriptingTraits (0ms)
			SetupTypeCache (211ms)
			ReleaseScriptCaches (1ms)
			RebuildScriptCaches (41ms)
			SetupLoadedEditorAssemblies (255ms)
				LogAssemblyErrors (0ms)
				InitializePlatformSupportModulesInManaged (3ms)
				SetLoadedEditorAssemblies (0ms)
				RefreshPlugins (1ms)
				BeforeProcessingInitializeOnLoad (62ms)
				ProcessInitializeOnLoadAttributes (183ms)
				ProcessInitializeOnLoadMethodAttributes (5ms)
				AfterProcessingInitializeOnLoad (2ms)
				EditorAssembliesLoaded (0ms)
			ExecutionOrderSort2 (0ms)
			AwakeInstancesAfterBackupRestoration (12ms)
Platform modules already initialized, skipping
Refreshing native plugins compatible for Editor in 0.59 ms, found 2 plugins.
Preloading 0 native plugins for Editor in 0.00 ms.
Unloading 3806 Unused Serialized files (Serialized files now loaded: 0)
System memory in use before: 210.9 MB.
System memory in use after: 211.1 MB.

Unloading 13 unused Assets to reduce memory usage. Loaded Objects now: 4706.
Total: 2.992800 ms (FindLiveObjects: 0.258500 ms CreateObjectMapping: 0.107600 ms MarkObjects: 2.611500 ms  DeleteObjects: 0.014100 ms)

AssetImportParameters requested are different than current active one (requested -> active):
  custom:framework-win-MediaFoundation: 216162199b28c13a410421893ffa2e32 -> 
  custom:video-decoder-ogg-theora: a1e56fd34408186e4bbccfd4996cb3dc -> 
  custom:container-muxer-webm: aa71ff27fc2769a1b78a27578f13a17b -> 
  custom:container-demuxer-webm: 4f35f7cbe854078d1ac9338744f61a02 -> 
  custom:container-demuxer-ogg: 62fdf1f143b41e24485cea50d1cbac27 -> 
  custom:video-encoder-webm-vp8: eb34c28f22e8b96e1ab97ce403110664 -> 
  custom:video-decoder-webm-vp8: 9c59270c3fd7afecdb556c50c9e8de78 -> 
  custom:audio-decoder-ogg-vorbis: bf7c407c2cedff20999df2af8eb42d56 -> 
  custom:audio-encoder-webm-vorbis: bf7c407c2cedff20999df2af8eb42d56 -> 
========================================================================
Received Prepare
Registering precompiled user dll's ...
Registered in 0.001700 seconds.
Begin MonoManager ReloadAssembly
Native extension for WindowsStandalone target not found
Refreshing native plugins compatible for Editor in 0.61 ms, found 2 plugins.
Preloading 0 native plugins for Editor in 0.00 ms.
Mono: successfully reloaded assembly
- Completed reload, in  0.966 seconds
Domain Reload Profiling:
	ReloadAssembly (966ms)
		BeginReloadAssembly (103ms)
			ExecutionOrderSort (0ms)
			DisableScriptedObjects (3ms)
			BackupInstance (0ms)
			ReleaseScriptingObjects (0ms)
			CreateAndSetChildDomain (38ms)
		EndReloadAssembly (821ms)
			LoadAssemblies (60ms)
			RebuildTransferFunctionScriptingTraits (0ms)
			SetupTypeCache (259ms)
			ReleaseScriptCaches (2ms)
			RebuildScriptCaches (49ms)
			SetupLoadedEditorAssemblies (290ms)
				LogAssemblyErrors (0ms)
				InitializePlatformSupportModulesInManaged (3ms)
				SetLoadedEditorAssemblies (0ms)
				RefreshPlugins (1ms)
				BeforeProcessingInitializeOnLoad (71ms)
				ProcessInitializeOnLoadAttributes (206ms)
				ProcessInitializeOnLoadMethodAttributes (6ms)
				AfterProcessingInitializeOnLoad (1ms)
				EditorAssembliesLoaded (0ms)
			ExecutionOrderSort2 (0ms)
			AwakeInstancesAfterBackupRestoration (14ms)
Platform modules already initialized, skipping
Refreshing native plugins compatible for Editor in 0.76 ms, found 2 plugins.
Preloading 0 native plugins for Editor in 0.00 ms.
Unloading 3806 Unused Serialized files (Serialized files now loaded: 0)
System memory in use before: 210.9 MB.
System memory in use after: 211.2 MB.

Unloading 13 unused Assets to reduce memory usage. Loaded Objects now: 4708.
Total: 3.291700 ms (FindLiveObjects: 0.303200 ms CreateObjectMapping: 0.148800 ms MarkObjects: 2.820700 ms  DeleteObjects: 0.018000 ms)

AssetImportParameters requested are different than current active one (requested -> active):
  custom:framework-win-MediaFoundation: 216162199b28c13a410421893ffa2e32 -> 
  custom:video-decoder-ogg-theora: a1e56fd34408186e4bbccfd4996cb3dc -> 
  custom:container-muxer-webm: aa71ff27fc2769a1b78a27578f13a17b -> 
  custom:container-demuxer-webm: 4f35f7cbe854078d1ac9338744f61a02 -> 
  custom:container-demuxer-ogg: 62fdf1f143b41e24485cea50d1cbac27 -> 
  custom:video-encoder-webm-vp8: eb34c28f22e8b96e1ab97ce403110664 -> 
  custom:video-decoder-webm-vp8: 9c59270c3fd7afecdb556c50c9e8de78 -> 
  custom:audio-decoder-ogg-vorbis: bf7c407c2cedff20999df2af8eb42d56 -> 
  custom:audio-encoder-webm-vorbis: bf7c407c2cedff20999df2af8eb42d56 -> 
========================================================================
Received Import Request.
  Time since last request: 2362.597844 seconds.
  path: Assets/Scenes/Borealis.shadergraph
  artifactKey: Guid(27d58a1de6fd1664894b31c3a01b8c63) Importer(815301076,1909f56bfc062723c751e8b465ee728b)
Start importing Assets/Scenes/Borealis.shadergraph using Guid(27d58a1de6fd1664894b31c3a01b8c63) Importer(815301076,1909f56bfc062723c751e8b465ee728b)  -> (artifact id: 'ac5c9ff791aef353a6760b69edc51bc3') in 0.093553 seconds 
  Import took 0.100490 seconds .

========================================================================
Received Import Request.
  Time since last request: 17.669498 seconds.
  path: Assets/Scenes/Borealis.shadergraph
  artifactKey: Guid(27d58a1de6fd1664894b31c3a01b8c63) Importer(815301076,1909f56bfc062723c751e8b465ee728b)
Start importing Assets/Scenes/Borealis.shadergraph using Guid(27d58a1de6fd1664894b31c3a01b8c63) Importer(815301076,1909f56bfc062723c751e8b465ee728b)  -> (artifact id: '34433a4c4f7bcb14cecd3fdb8acf0025') in 0.002532 seconds 
  Import took 0.007559 seconds .

========================================================================
Received Import Request.
  Time since last request: 9.423010 seconds.
  path: Assets/Scenes/Borealis.shadergraph
  artifactKey: Guid(27d58a1de6fd1664894b31c3a01b8c63) Importer(815301076,1909f56bfc062723c751e8b465ee728b)
Start importing Assets/Scenes/Borealis.shadergraph using Guid(27d58a1de6fd1664894b31c3a01b8c63) Importer(815301076,1909f56bfc062723c751e8b465ee728b)  -> (artifact id: '6cde635948fae1cf3bae05f73730205e') in 0.002476 seconds 
  Import took 0.007496 seconds .

========================================================================
Received Import Request.
  Time since last request: 14.255416 seconds.
  path: Assets/Scenes/Borealis.shadergraph
  artifactKey: Guid(27d58a1de6fd1664894b31c3a01b8c63) Importer(815301076,1909f56bfc062723c751e8b465ee728b)
Start importing Assets/Scenes/Borealis.shadergraph using Guid(27d58a1de6fd1664894b31c3a01b8c63) Importer(815301076,1909f56bfc062723c751e8b465ee728b)  -> (artifact id: '290999c6386d33494cc6ce56a05f633b') in 0.002748 seconds 
  Import took 0.007889 seconds .

========================================================================
Received Import Request.
  Time since last request: 1788.752095 seconds.
  path: Assets/Scenes/leaves.shadergraph
  artifactKey: Guid(3209e0170ea87354e99648f1dacdda78) Importer(815301076,1909f56bfc062723c751e8b465ee728b)
Start importing Assets/Scenes/leaves.shadergraph using Guid(3209e0170ea87354e99648f1dacdda78) Importer(815301076,1909f56bfc062723c751e8b465ee728b)  -> (artifact id: '804383200d5be0dbc32e7917f8267cd3') in 0.006378 seconds 
  Import took 0.012757 seconds .

========================================================================
Received Import Request.
  Time since last request: 6.622647 seconds.
  path: Assets/Texture/noise.png
  artifactKey: Guid(a1c37981b6806cc4d84232c64e9aa8cd) Importer(815301076,1909f56bfc062723c751e8b465ee728b)
Start importing Assets/Texture/noise.png using Guid(a1c37981b6806cc4d84232c64e9aa8cd) Importer(815301076,1909f56bfc062723c751e8b465ee728b)  -> (artifact id: '839326e8aee3aa24c233833d2768d0ee') in 0.103696 seconds 
  Import took 0.110506 seconds .

========================================================================
Received Import Request.
  Time since last request: 32.445525 seconds.
  path: Assets/Scenes/leaves.shadergraph
  artifactKey: Guid(3209e0170ea87354e99648f1dacdda78) Importer(815301076,1909f56bfc062723c751e8b465ee728b)
Start importing Assets/Scenes/leaves.shadergraph using Guid(3209e0170ea87354e99648f1dacdda78) Importer(815301076,1909f56bfc062723c751e8b465ee728b)  -> (artifact id: '25f9e9141e1f0dd05a9c5a1b8da0ba94') in 0.004764 seconds 
  Import took 0.010228 seconds .

========================================================================
Received Import Request.
  Time since last request: 7.580962 seconds.
  path: Assets/Scenes/leaves.shadergraph
  artifactKey: Guid(3209e0170ea87354e99648f1dacdda78) Importer(815301076,1909f56bfc062723c751e8b465ee728b)
Start importing Assets/Scenes/leaves.shadergraph using Guid(3209e0170ea87354e99648f1dacdda78) Importer(815301076,1909f56bfc062723c751e8b465ee728b)  -> (artifact id: '11b9dd7cfec3e968da21d5040b0956a8') in 0.005526 seconds 
  Import took 0.010957 seconds .

========================================================================
Received Import Request.
  Time since last request: 27.095557 seconds.
  path: Assets/Scenes/leaves.shadergraph
  artifactKey: Guid(3209e0170ea87354e99648f1dacdda78) Importer(815301076,1909f56bfc062723c751e8b465ee728b)
Start importing Assets/Scenes/leaves.shadergraph using Guid(3209e0170ea87354e99648f1dacdda78) Importer(815301076,1909f56bfc062723c751e8b465ee728b)  -> (artifact id: '867375b8b164b001c8cbd3e515f5d04e') in 0.003561 seconds 
  Import took 0.008551 seconds .

========================================================================
Received Import Request.
  Time since last request: 8.355538 seconds.
  path: Assets/Scenes/Borealis.mat
  artifactKey: Guid(cf285c1633a783b44ba3a28d60291dfc) Importer(815301076,1909f56bfc062723c751e8b465ee728b)
Start importing Assets/Scenes/Borealis.mat using Guid(cf285c1633a783b44ba3a28d60291dfc) Importer(815301076,1909f56bfc062723c751e8b465ee728b)  -> (artifact id: 'b4727d091a3f9d306c882c9b4d08509a') in 0.755473 seconds 
  Import took 0.761077 seconds .

========================================================================
Received Import Request.
  Time since last request: 0.000189 seconds.
  path: Assets/Scenes/LEaves.mat
  artifactKey: Guid(cb04ff54c3a644e428129d790c065d30) Importer(815301076,1909f56bfc062723c751e8b465ee728b)
Start importing Assets/Scenes/LEaves.mat using Guid(cb04ff54c3a644e428129d790c065d30) Importer(815301076,1909f56bfc062723c751e8b465ee728b)  -> (artifact id: 'b3a68649cda65ad0bf2e40c591e04549') in 0.028911 seconds 
  Import took 0.034583 seconds .

========================================================================
Received Import Request.
  Time since last request: 829.851112 seconds.
  path: Assets/Scenes/Leaf.png
  artifactKey: Guid(c9477c03cfe3fb24bb735e221cbdcb7f) Importer(815301076,1909f56bfc062723c751e8b465ee728b)
Start importing Assets/Scenes/Leaf.png using Guid(c9477c03cfe3fb24bb735e221cbdcb7f) Importer(815301076,1909f56bfc062723c751e8b465ee728b)  -> (artifact id: 'e386af0d9e28ed7aa1048e5af1141f37') in 0.009270 seconds 
  Import took 0.016263 seconds .

========================================================================
Received Import Request.
  Time since last request: 6.126305 seconds.
  path: Assets/Texture/Shader Graphs_New Shader Graph.mat
  artifactKey: Guid(a673b54223ca80d45a67a45ffbd98cf6) Importer(815301076,1909f56bfc062723c751e8b465ee728b)
Start importing Assets/Texture/Shader Graphs_New Shader Graph.mat using Guid(a673b54223ca80d45a67a45ffbd98cf6) Importer(815301076,1909f56bfc062723c751e8b465ee728b)  -> (artifact id: '689376bd5639d46fbcaac57f3ce7b45c') in 0.021352 seconds 
  Import took 0.027745 seconds .

========================================================================
Received Import Request.
  Time since last request: 0.000271 seconds.
  path: Assets/Texture/Shader Graphs_SwapTextures.mat
  artifactKey: Guid(3c62818257c3f9b4d8503e215fa3e231) Importer(815301076,1909f56bfc062723c751e8b465ee728b)
Start importing Assets/Texture/Shader Graphs_SwapTextures.mat using Guid(3c62818257c3f9b4d8503e215fa3e231) Importer(815301076,1909f56bfc062723c751e8b465ee728b)  -> (artifact id: 'bf3d05f3b7a95e2c0916d8a2f218cc8a') in 0.025749 seconds 
  Import took 0.031366 seconds .

========================================================================
Received Import Request.
  Time since last request: 0.000252 seconds.
  path: Assets/Texture/Shader Graphs_SwapTextures 1.mat
  artifactKey: Guid(20f24f7673a16034ebacc3a56b59717f) Importer(815301076,1909f56bfc062723c751e8b465ee728b)
Start importing Assets/Texture/Shader Graphs_SwapTextures 1.mat using Guid(20f24f7673a16034ebacc3a56b59717f) Importer(815301076,1909f56bfc062723c751e8b465ee728b)  -> (artifact id: '2884e5ac01e15f3201b5ad68ae8ee203') in 0.083962 seconds 
  Import took 0.090540 seconds .

========================================================================
Received Import Request.
  Time since last request: 612.575038 seconds.
  path: Assets/Scenes/leaves.shadergraph
  artifactKey: Guid(3209e0170ea87354e99648f1dacdda78) Importer(815301076,1909f56bfc062723c751e8b465ee728b)
Start importing Assets/Scenes/leaves.shadergraph using Guid(3209e0170ea87354e99648f1dacdda78) Importer(815301076,1909f56bfc062723c751e8b465ee728b)  -> (artifact id: '911c93a504339e9e37f96f4e039f824e') in 0.005021 seconds 
  Import took 0.011332 seconds .

========================================================================
Received Import Request.
  Time since last request: 146.876859 seconds.
  path: Assets/Scenes/Wind.shadersubgraph
  artifactKey: Guid(5ed28966a4fb3fd489af86188b00cc6a) Importer(815301076,1909f56bfc062723c751e8b465ee728b)
Start importing Assets/Scenes/Wind.shadersubgraph using Guid(5ed28966a4fb3fd489af86188b00cc6a) Importer(815301076,1909f56bfc062723c751e8b465ee728b)  -> (artifact id: '9fe70b12645f85aececaf44f9d5e6655') in 0.005601 seconds 
  Import took 0.010807 seconds .

========================================================================
Received Import Request.
  Time since last request: 5.021766 seconds.
  path: Assets/Scenes/leaves.shadergraph
  artifactKey: Guid(3209e0170ea87354e99648f1dacdda78) Importer(815301076,1909f56bfc062723c751e8b465ee728b)
Start importing Assets/Scenes/leaves.shadergraph using Guid(3209e0170ea87354e99648f1dacdda78) Importer(815301076,1909f56bfc062723c751e8b465ee728b)  -> (artifact id: '00ca2ebdcac6cacdccfd2872ae582d8a') in 0.004360 seconds 
  Import took 0.009641 seconds .

========================================================================
Received Import Request.
  Time since last request: 36.223742 seconds.
  path: Assets/Scenes/leaves.shadergraph
  artifactKey: Guid(3209e0170ea87354e99648f1dacdda78) Importer(815301076,1909f56bfc062723c751e8b465ee728b)
Start importing Assets/Scenes/leaves.shadergraph using Guid(3209e0170ea87354e99648f1dacdda78) Importer(815301076,1909f56bfc062723c751e8b465ee728b)  -> (artifact id: 'b0713e5578d0123fe55e75b1e148c567') in 0.004188 seconds 
  Import took 0.010517 seconds .

========================================================================
Received Import Request.
  Time since last request: 8.356498 seconds.
  path: Assets/Scenes/leaves.shadergraph
  artifactKey: Guid(3209e0170ea87354e99648f1dacdda78) Importer(815301076,1909f56bfc062723c751e8b465ee728b)
Start importing Assets/Scenes/leaves.shadergraph using Guid(3209e0170ea87354e99648f1dacdda78) Importer(815301076,1909f56bfc062723c751e8b465ee728b)  -> (artifact id: '0bdee9337cc694ae1e357f4def047a13') in 0.003866 seconds 
  Import took 0.010181 seconds .

========================================================================
Received Import Request.
  Time since last request: 42.775062 seconds.
  path: Assets/Scenes/leaves.shadergraph
  artifactKey: Guid(3209e0170ea87354e99648f1dacdda78) Importer(815301076,1909f56bfc062723c751e8b465ee728b)
Start importing Assets/Scenes/leaves.shadergraph using Guid(3209e0170ea87354e99648f1dacdda78) Importer(815301076,1909f56bfc062723c751e8b465ee728b)  -> (artifact id: '398e69f2356eb153e3926ab0c71e7be1') in 0.004208 seconds 
  Import took 0.009572 seconds .

========================================================================
Received Import Request.
  Time since last request: 38.599756 seconds.
  path: Assets/Scenes/leaves.shadergraph
  artifactKey: Guid(3209e0170ea87354e99648f1dacdda78) Importer(815301076,1909f56bfc062723c751e8b465ee728b)
Start importing Assets/Scenes/leaves.shadergraph using Guid(3209e0170ea87354e99648f1dacdda78) Importer(815301076,1909f56bfc062723c751e8b465ee728b)  -> (artifact id: '281a0a1cbbea02c6f7b75f852cb36b81') in 0.004123 seconds 
  Import took 0.009575 seconds .

========================================================================
Received Import Request.
  Time since last request: 1803.996570 seconds.
  path: Assets/Scenes/leaves.shadergraph
  artifactKey: Guid(3209e0170ea87354e99648f1dacdda78) Importer(815301076,1909f56bfc062723c751e8b465ee728b)
Start importing Assets/Scenes/leaves.shadergraph using Guid(3209e0170ea87354e99648f1dacdda78) Importer(815301076,1909f56bfc062723c751e8b465ee728b)  -> (artifact id: 'f837ddeb868ef60314f6a941a4e6d3c7') in 0.004972 seconds 
  Import took 0.011399 seconds .

========================================================================
Received Import Request.
  Time since last request: 33.153437 seconds.
  path: Assets/Scenes/WindSphereGradient.shadergraph
  artifactKey: Guid(3209e0170ea87354e99648f1dacdda78) Importer(815301076,1909f56bfc062723c751e8b465ee728b)
Start importing Assets/Scenes/WindSphereGradient.shadergraph using Guid(3209e0170ea87354e99648f1dacdda78) Importer(815301076,1909f56bfc062723c751e8b465ee728b)  -> (artifact id: 'ec8eb1f8ed5cf35d5af9de94ddecbd64') in 0.004215 seconds 
  Import took 0.009666 seconds .

========================================================================
Received Prepare
Registering precompiled user dll's ...
Registered in 0.001747 seconds.
Begin MonoManager ReloadAssembly
Native extension for WindowsStandalone target not found
Refreshing native plugins compatible for Editor in 0.73 ms, found 2 plugins.
Preloading 0 native plugins for Editor in 0.00 ms.
Mono: successfully reloaded assembly
- Completed reload, in  1.057 seconds
Domain Reload Profiling:
	ReloadAssembly (1058ms)
		BeginReloadAssembly (160ms)
			ExecutionOrderSort (0ms)
			DisableScriptedObjects (27ms)
			BackupInstance (0ms)
			ReleaseScriptingObjects (0ms)
			CreateAndSetChildDomain (67ms)
		EndReloadAssembly (855ms)
			LoadAssemblies (68ms)
			RebuildTransferFunctionScriptingTraits (0ms)
			SetupTypeCache (269ms)
			ReleaseScriptCaches (2ms)
			RebuildScriptCaches (51ms)
			SetupLoadedEditorAssemblies (298ms)
				LogAssemblyErrors (0ms)
				InitializePlatformSupportModulesInManaged (3ms)
				SetLoadedEditorAssemblies (0ms)
				RefreshPlugins (1ms)
				BeforeProcessingInitializeOnLoad (74ms)
				ProcessInitializeOnLoadAttributes (213ms)
				ProcessInitializeOnLoadMethodAttributes (6ms)
				AfterProcessingInitializeOnLoad (1ms)
				EditorAssembliesLoaded (0ms)
			ExecutionOrderSort2 (0ms)
			AwakeInstancesAfterBackupRestoration (16ms)
Platform modules already initialized, skipping
Refreshing native plugins compatible for Editor in 0.59 ms, found 2 plugins.
Preloading 0 native plugins for Editor in 0.00 ms.
Unloading 3807 Unused Serialized files (Serialized files now loaded: 0)
System memory in use before: 212.5 MB.
System memory in use after: 212.8 MB.

Unloading 13 unused Assets to reduce memory usage. Loaded Objects now: 4813.
Total: 3.417700 ms (FindLiveObjects: 0.325400 ms CreateObjectMapping: 0.127500 ms MarkObjects: 2.944400 ms  DeleteObjects: 0.019400 ms)

AssetImportParameters requested are different than current active one (requested -> active):
  custom:framework-win-MediaFoundation: 216162199b28c13a410421893ffa2e32 -> 
  custom:video-decoder-ogg-theora: a1e56fd34408186e4bbccfd4996cb3dc -> 
  custom:container-muxer-webm: aa71ff27fc2769a1b78a27578f13a17b -> 
  custom:container-demuxer-webm: 4f35f7cbe854078d1ac9338744f61a02 -> 
  custom:container-demuxer-ogg: 62fdf1f143b41e24485cea50d1cbac27 -> 
  custom:video-encoder-webm-vp8: eb34c28f22e8b96e1ab97ce403110664 -> 
  custom:video-decoder-webm-vp8: 9c59270c3fd7afecdb556c50c9e8de78 -> 
  custom:audio-decoder-ogg-vorbis: bf7c407c2cedff20999df2af8eb42d56 -> 
  custom:audio-encoder-webm-vorbis: bf7c407c2cedff20999df2af8eb42d56 -> 
========================================================================
Received Prepare
Registering precompiled user dll's ...
Registered in 0.001596 seconds.
Begin MonoManager ReloadAssembly
Native extension for WindowsStandalone target not found
Refreshing native plugins compatible for Editor in 0.54 ms, found 2 plugins.
Preloading 0 native plugins for Editor in 0.00 ms.
Mono: successfully reloaded assembly
- Completed reload, in  1.016 seconds
Domain Reload Profiling:
	ReloadAssembly (1016ms)
		BeginReloadAssembly (100ms)
			ExecutionOrderSort (0ms)
			DisableScriptedObjects (4ms)
			BackupInstance (0ms)
			ReleaseScriptingObjects (0ms)
			CreateAndSetChildDomain (33ms)
		EndReloadAssembly (872ms)
			LoadAssemblies (64ms)
			RebuildTransferFunctionScriptingTraits (0ms)
			SetupTypeCache (281ms)
			ReleaseScriptCaches (2ms)
			RebuildScriptCaches (52ms)
			SetupLoadedEditorAssemblies (312ms)
				LogAssemblyErrors (0ms)
				InitializePlatformSupportModulesInManaged (3ms)
				SetLoadedEditorAssemblies (0ms)
				RefreshPlugins (1ms)
				BeforeProcessingInitializeOnLoad (78ms)
				ProcessInitializeOnLoadAttributes (222ms)
				ProcessInitializeOnLoadMethodAttributes (6ms)
				AfterProcessingInitializeOnLoad (2ms)
				EditorAssembliesLoaded (0ms)
			ExecutionOrderSort2 (0ms)
			AwakeInstancesAfterBackupRestoration (17ms)
Platform modules already initialized, skipping
Refreshing native plugins compatible for Editor in 0.68 ms, found 2 plugins.
Preloading 0 native plugins for Editor in 0.00 ms.
Unloading 3806 Unused Serialized files (Serialized files now loaded: 0)
System memory in use before: 212.3 MB.
System memory in use after: 212.6 MB.

Unloading 13 unused Assets to reduce memory usage. Loaded Objects now: 4815.
Total: 3.234700 ms (FindLiveObjects: 0.325900 ms CreateObjectMapping: 0.132000 ms MarkObjects: 2.755600 ms  DeleteObjects: 0.020300 ms)

AssetImportParameters requested are different than current active one (requested -> active):
  custom:framework-win-MediaFoundation: 216162199b28c13a410421893ffa2e32 -> 
  custom:video-decoder-ogg-theora: a1e56fd34408186e4bbccfd4996cb3dc -> 
  custom:container-muxer-webm: aa71ff27fc2769a1b78a27578f13a17b -> 
  custom:container-demuxer-webm: 4f35f7cbe854078d1ac9338744f61a02 -> 
  custom:container-demuxer-ogg: 62fdf1f143b41e24485cea50d1cbac27 -> 
  custom:video-encoder-webm-vp8: eb34c28f22e8b96e1ab97ce403110664 -> 
  custom:video-decoder-webm-vp8: 9c59270c3fd7afecdb556c50c9e8de78 -> 
  custom:audio-decoder-ogg-vorbis: bf7c407c2cedff20999df2af8eb42d56 -> 
  custom:audio-encoder-webm-vorbis: bf7c407c2cedff20999df2af8eb42d56 -> 
AssetImportWorkerClient::OnTransportError - code=2 error=End of file
